2018-05-15 08:41:03 INFO practice.FirstMavenproject.MyClassLogging:30 - The browser got launched
2018-05-15 08:41:13 INFO practice.FirstMavenproject.MyClassLogging:33 - The URL got launched successfully
2018-05-15 08:41:15 INFO practice.FirstMavenproject.MyClassLogging:36 - Browser maximised
2018-05-15 08:41:15 INFO practice.FirstMavenproject.LoginClass:22 - Entered username successfully
2018-05-15 08:41:16 INFO practice.FirstMavenproject.LoginClass:30 - Entered password successfully
2018-05-15 08:41:16 ERROR practice.FirstMavenproject.LoginClass:40 - login button has some problem org.openqa.selenium.NoSuchElementException: no such element: Unable to locate element: {"method":"id","selector":"btnLog"}
  (Session info: chrome=66.0.3359.139)
  (Driver info: chromedriver=2.36.540470 (e522d04694c7ebea4ba8821272dbef4f9b818c91),platform=Windows NT 6.1.7601 SP1 x86_64) (WARNING: The server did not provide any stacktrace information)
Command duration or timeout: 0 milliseconds
For documentation on this error, please visit: http://seleniumhq.org/exceptions/no_such_element.html
Build info: version: '3.11.0', revision: 'e59cfb3', time: '2018-03-11T20:26:55.152Z'
System info: host: 'LENOVO-PC', ip: '192.168.0.5', os.name: 'Windows 7', os.arch: 'amd64', os.version: '6.1', java.version: '1.8.0_25'
Driver info: org.openqa.selenium.chrome.ChromeDriver
Capabilities {acceptInsecureCerts: false, acceptSslCerts: false, applicationCacheEnabled: false, browserConnectionEnabled: false, browserName: chrome, chrome: {chromedriverVersion: 2.36.540470 (e522d04694c7eb..., userDataDir: C:\Users\Lenovo\AppData\Loc...}, cssSelectorsEnabled: true, databaseEnabled: false, handlesAlerts: true, hasTouchScreen: false, javascriptEnabled: true, locationContextEnabled: true, mobileEmulationEnabled: false, nativeEvents: true, networkConnectionEnabled: false, pageLoadStrategy: normal, platform: XP, platformName: XP, rotatable: false, setWindowRect: true, takesHeapSnapshot: true, takesScreenshot: true, unexpectedAlertBehaviour: , unhandledPromptBehavior: , version: 66.0.3359.139, webStorageEnabled: true}
Session ID: 945c1a2f12cefc7e34ceaaada50969cd
*** Element info: {Using=id, value=btnLog}
2018-05-15 08:41:17 INFO practice.FirstMavenproject.MyClassLogging:53 - closed browser
2018-05-15 08:42:58 INFO practice.FirstMavenproject.MyClassLogging:30 - The browser got launched
2018-05-15 08:43:03 INFO practice.FirstMavenproject.MyClassLogging:33 - The URL got launched successfully
2018-05-15 08:43:04 INFO practice.FirstMavenproject.MyClassLogging:36 - Browser maximised
2018-05-15 08:43:05 INFO practice.FirstMavenproject.LoginClass:22 - Entered username successfully
2018-05-15 08:43:05 INFO practice.FirstMavenproject.LoginClass:30 - Entered password successfully
2018-05-15 08:43:12 INFO practice.FirstMavenproject.LoginClass:38 - Clicked login button successfully
2018-05-15 08:43:13 INFO practice.FirstMavenproject.MyClassLogging:53 - closed browser
2018-05-15 08:48:29 INFO practice.FirstMavenproject.MyClassLogging:30 - The browser got launched
2018-05-15 08:48:36 INFO practice.FirstMavenproject.MyClassLogging:33 - The URL got launched successfully
2018-05-15 08:48:37 INFO practice.FirstMavenproject.MyClassLogging:36 - Browser maximised
2018-05-15 08:48:37 INFO practice.FirstMavenproject.LoginClass:22 - Entered username successfully
2018-05-15 08:48:37 INFO practice.FirstMavenproject.LoginClass:30 - Entered password successfully
2018-05-15 08:48:43 INFO practice.FirstMavenproject.LoginClass:38 - Clicked login button successfully
2018-05-15 08:48:44 INFO practice.FirstMavenproject.MyClassLogging:53 - closed browser
2018-05-15 08:50:45 INFO practice.FirstMavenproject.MyClassLogging:33 - The URL got launched successfully
2018-05-15 08:50:47 WARN practice.FirstMavenproject.MyClassLogging:36 - Browser maximised
2018-05-15 08:50:47 INFO practice.FirstMavenproject.LoginClass:22 - Entered username successfully
2018-05-15 08:50:47 INFO practice.FirstMavenproject.LoginClass:30 - Entered password successfully
2018-05-15 08:50:55 INFO practice.FirstMavenproject.LoginClass:38 - Clicked login button successfully
2018-05-15 08:50:56 FATAL practice.FirstMavenproject.MyClassLogging:53 - closed browser
2018-05-15 08:52:10 DEBUG practice.FirstMavenproject.MyClassLogging:30 - The browser got launched
2018-05-15 08:52:14 INFO practice.FirstMavenproject.MyClassLogging:33 - The URL got launched successfully
2018-05-15 08:52:15 WARN practice.FirstMavenproject.MyClassLogging:36 - Browser maximised
2018-05-15 08:52:16 INFO practice.FirstMavenproject.LoginClass:22 - Entered username successfully
2018-05-15 08:52:16 INFO practice.FirstMavenproject.LoginClass:30 - Entered password successfully
2018-05-15 08:52:21 INFO practice.FirstMavenproject.LoginClass:38 - Clicked login button successfully
2018-05-15 08:52:23 FATAL practice.FirstMavenproject.MyClassLogging:53 - closed browser
2018-05-15 08:53:57 WARN practice.FirstMavenproject.MyClassLogging:36 - Browser maximised
2018-05-15 08:54:04 FATAL practice.FirstMavenproject.MyClassLogging:53 - closed browser
2018-05-15 08:55:25 WARN practice.FirstMavenproject.MyClassLogging:36 - Browser maximised
2018-05-15 08:55:31 ERROR practice.FirstMavenproject.MyClassLogging:46 - Logged in
2018-05-15 08:55:33 FATAL practice.FirstMavenproject.MyClassLogging:53 - closed browser
2018-05-15 09:55:22 WARN practice.FirstMavenproject.MyClassLogging:36 - Browser maximised
2018-05-15 09:55:28 ERROR practice.FirstMavenproject.MyClassLogging:46 - Logged in
2018-05-15 09:55:29 FATAL practice.FirstMavenproject.MyClassLogging:53 - closed browser
